\BOOKMARK [0][-]{chapter*.3}{List of Figures}{}% 1
\BOOKMARK [0][-]{chapter*.4}{List of Tables}{}% 2
\BOOKMARK [0][-]{section*.5}{List of Abbreviations}{}% 3
\BOOKMARK [0][-]{chapter.1}{Introduction and Review}{}% 4
\BOOKMARK [1][-]{section.1.1}{Motivation}{chapter.1}% 5
\BOOKMARK [1][-]{section.1.2}{Biological Background}{chapter.1}% 6
\BOOKMARK [1][-]{section.1.3}{Graph-theoretical Background}{chapter.1}% 7
\BOOKMARK [0][-]{chapter.2}{Materials and Methods}{}% 8
\BOOKMARK [1][-]{section.2.1}{Data collection: In silico data set}{chapter.2}% 9
\BOOKMARK [1][-]{section.2.2}{Data collection: Training data set}{chapter.2}% 10
\BOOKMARK [2][-]{subsection.2.2.1}{DREAM8 Challenge}{section.2.2}% 11
\BOOKMARK [2][-]{subsection.2.2.2}{Data structure}{section.2.2}% 12
\BOOKMARK [1][-]{section.2.3}{Binarization Algorithms}{chapter.2}% 13
\BOOKMARK [1][-]{section.2.4}{Redundancy Removal}{chapter.2}% 14
\BOOKMARK [1][-]{section.2.5}{Inference algorithms}{chapter.2}% 15
\BOOKMARK [1][-]{section.2.6}{Error Assessement}{chapter.2}% 16
\BOOKMARK [1][-]{section.2.7}{Network Evaluation}{chapter.2}% 17
\BOOKMARK [0][-]{chapter.3}{Pipeline and Results}{}% 18
\BOOKMARK [1][-]{section.3.1}{Pipeline of the in silico data set}{chapter.3}% 19
\BOOKMARK [1][-]{section.3.2}{Results and Discussion of the in silico data set}{chapter.3}% 20
\BOOKMARK [1][-]{section.3.3}{Pipeline of the DREAM8 Challenge data set}{chapter.3}% 21
\BOOKMARK [1][-]{section.3.4}{Results of the DREAM8-Challenge data set}{chapter.3}% 22
\BOOKMARK [0][-]{chapter.4}{Discussion}{}% 23
\BOOKMARK [0][-]{chapter*.71}{References}{}% 24
\BOOKMARK [0][-]{appendix.A}{Appendices}{}% 25
\BOOKMARK [1][-]{section.A.1}{DREAM8-Challenge scoring priciples}{appendix.A}% 26
