This is pdfTeX, Version 3.14159265-2.6-1.40.16 (TeX Live 2015/Debian) (preloaded format=pdflatex 2018.2.13)  26 SEP 2018 12:57
entering extended mode
 restricted \write18 enabled.
 %&-line parsing enabled.
**abstract_eng.tex
(./abstract_eng.tex
LaTeX2e <2016/02/01>
Babel <3.9q> and hyphenation patterns for 81 language(s) loaded.

! LaTeX Error: Missing \begin{document}.

See the LaTeX manual or LaTeX Companion for explanation.
Type  H <return>  for immediate help.
 ...                                              
                                                  
l.6 \begin{center}
                  
You're in trouble here.  Try typing  <return>  to proceed.
If that doesn't work, type  X <return>  to quit.


Overfull \hbox (20.0pt too wide) in paragraph at lines 6--6
[] 
 []


Overfull \hbox (44.00113pt too wide) in paragraph at lines 7--8
 \OT1/cmr/bx/n/10 Abstract 
 []

Missing character: There is no b in font nullfont!
Missing character: There is no l in font nullfont!
Missing character: There is no k in font nullfont!
Missing character: There is no s in font nullfont!
Missing character: There is no a in font nullfont!
Missing character: There is no b in font nullfont!
Missing character: There is no d in font nullfont!
)
! Emergency stop.
<*> abstract_eng.tex
                    
*** (job aborted, no legal \end found)

 
Here is how much of TeX's memory you used:
 8 strings out of 493029
 179 string characters out of 6136234
 53074 words of memory out of 5000000
 3643 multiletter control sequences out of 15000+600000
 3948 words of font info for 15 fonts, out of 8000000 for 9000
 1141 hyphenation exceptions out of 8191
 13i,1n,10p,56b,110s stack positions out of 5000i,500n,10000p,200000b,80000s
!  ==> Fatal error occurred, no output PDF file produced!
