\BOOKMARK [0][-]{chapter*.2}{List of Figures}{}% 1
\BOOKMARK [0][-]{chapter*.3}{List of Tables}{}% 2
\BOOKMARK [0][-]{chapter.1}{Introduction}{}% 3
\BOOKMARK [1][-]{section.1.1}{Biological Background}{chapter.1}% 4
\BOOKMARK [1][-]{section.1.2}{Inference Algorithms}{chapter.1}% 5
\BOOKMARK [2][-]{subsection.1.2.1}{Graphtheoretical Background}{section.1.2}% 6
\BOOKMARK [2][-]{subsection.1.2.2}{Boolean network}{section.1.2}% 7
\BOOKMARK [2][-]{subsection.1.2.3}{Baysian networks}{section.1.2}% 8
\BOOKMARK [2][-]{subsection.1.2.4}{Ordinary differential equation models}{section.1.2}% 9
\BOOKMARK [2][-]{subsection.1.2.5}{Neural networks regression}{section.1.2}% 10
\BOOKMARK [1][-]{section.1.3}{How is the performance of the network inference algorithms measured?}{chapter.1}% 11
\BOOKMARK [0][-]{chapter.2}{Materials and Methods}{}% 12
\BOOKMARK [1][-]{section.2.1}{Data selection}{chapter.2}% 13
\BOOKMARK [2][-]{subsection.2.1.1}{DREAM5}{section.2.1}% 14
\BOOKMARK [2][-]{subsection.2.1.2}{DREAM8}{section.2.1}% 15
\BOOKMARK [2][-]{subsection.2.1.3}{Comparision DREAM 5 vs. DREAM8}{section.2.1}% 16
\BOOKMARK [1][-]{section.2.2}{PyBoolNet and BoolFilter}{chapter.2}% 17
\BOOKMARK [0][-]{chapter.3}{Results}{}% 18
\BOOKMARK [0][-]{chapter.4}{Conclusion}{}% 19
\BOOKMARK [0][-]{chapter*.15}{References}{}% 20
